<?xml version="1.0" encoding="UTF-8"?>
<testsuite xmlns:xsi="http://www.w3.org/2001/XMLSchema-instance" xsi:noNamespaceSchemaLocation="https://maven.apache.org/surefire/maven-surefire-plugin/xsd/surefire-test-report-3.0.xsd" version="3.0" name="math.BasicTest" time="0.052" tests="1" errors="0" skipped="0" failures="0">
  <properties>
    <property name="java.specification.version" value="17"/>
    <property name="sun.jnu.encoding" value="Cp1252"/>
    <property name="java.class.path" value="C:\Users\toby\OneDrive\Desktop\Jobs\CA-Technical-Interview\DebuggingHomework\DebuggingHomework\target\test-classes;C:\Users\toby\OneDrive\Desktop\Jobs\CA-Technical-Interview\DebuggingHomework\DebuggingHomework\target\classes;C:\Users\toby\.m2\repository\junit\junit\4.13.2\junit-4.13.2.jar;C:\Users\toby\.m2\repository\org\hamcrest\hamcrest-core\1.3\hamcrest-core-1.3.jar;"/>
    <property name="java.vm.vendor" value="Eclipse Adoptium"/>
    <property name="sun.arch.data.model" value="32"/>
    <property name="user.variant" value=""/>
    <property name="java.vendor.url" value="https://adoptium.net/"/>
    <property name="user.timezone" value="America/Los_Angeles"/>
    <property name="os.name" value="Windows 10"/>
    <property name="java.vm.specification.version" value="17"/>
    <property name="sun.java.launcher" value="SUN_STANDARD"/>
    <property name="user.country" value="US"/>
    <property name="sun.boot.library.path" value="C:\Program Files\Java\jdk-17.0.14+7\bin"/>
    <property name="sun.java.command" value="C:\Users\toby\AppData\Local\Temp\surefire797646745362383724\surefirebooter-20250714153010401_3.jar C:\Users\toby\AppData\Local\Temp\surefire797646745362383724 2025-07-14T15-30-10_270-jvmRun1 surefire-20250714153010401_1tmp surefire_0-20250714153010401_2tmp"/>
    <property name="jdk.debug" value="release"/>
    <property name="surefire.test.class.path" value="C:\Users\toby\OneDrive\Desktop\Jobs\CA-Technical-Interview\DebuggingHomework\DebuggingHomework\target\test-classes;C:\Users\toby\OneDrive\Desktop\Jobs\CA-Technical-Interview\DebuggingHomework\DebuggingHomework\target\classes;C:\Users\toby\.m2\repository\junit\junit\4.13.2\junit-4.13.2.jar;C:\Users\toby\.m2\repository\org\hamcrest\hamcrest-core\1.3\hamcrest-core-1.3.jar;"/>
    <property name="sun.cpu.endian" value="little"/>
    <property name="user.home" value="C:\Users\toby"/>
    <property name="user.language" value="en"/>
    <property name="java.specification.vendor" value="Oracle Corporation"/>
    <property name="java.version.date" value="2025-01-21"/>
    <property name="java.home" value="C:\Program Files\Java\jdk-17.0.14+7"/>
    <property name="file.separator" value="\"/>
    <property name="basedir" value="C:\Users\toby\OneDrive\Desktop\Jobs\CA-Technical-Interview\DebuggingHomework\DebuggingHomework"/>
    <property name="line.separator" value="&#10;"/>
    <property name="java.vm.specification.vendor" value="Oracle Corporation"/>
    <property name="java.specification.name" value="Java Platform API Specification"/>
    <property name="surefire.real.class.path" value="C:\Users\toby\AppData\Local\Temp\surefire797646745362383724\surefirebooter-20250714153010401_3.jar"/>
    <property name="user.script" value=""/>
    <property name="sun.management.compiler" value="HotSpot Client Compiler"/>
    <property name="java.runtime.version" value="17.0.14+7"/>
    <property name="user.name" value="toby"/>
    <property name="path.separator" value=";"/>
    <property name="os.version" value="10.0"/>
    <property name="java.runtime.name" value="OpenJDK Runtime Environment"/>
    <property name="file.encoding" value="Cp1252"/>
    <property name="java.vm.name" value="OpenJDK Client VM"/>
    <property name="java.vendor.version" value="Temurin-17.0.14+7"/>
    <property name="localRepository" value="C:\Users\toby\.m2\repository"/>
    <property name="java.vendor.url.bug" value="https://github.com/adoptium/adoptium-support/issues"/>
    <property name="java.io.tmpdir" value="C:\Users\toby\AppData\Local\Temp\"/>
    <property name="java.version" value="17.0.14"/>
    <property name="user.dir" value="C:\Users\toby\OneDrive\Desktop\Jobs\CA-Technical-Interview\DebuggingHomework\DebuggingHomework"/>
    <property name="os.arch" value="x86"/>
    <property name="java.vm.specification.name" value="Java Virtual Machine Specification"/>
    <property name="sun.os.patch.level" value=""/>
    <property name="native.encoding" value="Cp1252"/>
    <property name="java.library.path" value="C:\Program Files\Java\jdk-17.0.14+7\bin;C:\WINDOWS\Sun\Java\bin;C:\WINDOWS\system32;C:\WINDOWS;C:\Program Files\Common Files\Oracle\Java\javapath;C:\Program Files (x86)\Common Files\Oracle\Java\javapath;C:\WINDOWS\system32;C:\WINDOWS;C:\WINDOWS\System32\Wbem;C:\WINDOWS\System32\WindowsPowerShell\v1.0\;C:\WINDOWS\System32\OpenSSH\;C:\WINDOWS\system32;C:\WINDOWS;C:\WINDOWS\System32\Wbem;C:\WINDOWS\System32\WindowsPowerShell\v1.0\;C:\WINDOWS\System32\OpenSSH\;C:\Program Files (x86)\NVIDIA Corporation\PhysX\Common;C:\Program Files\dotnet\;C:\msys64\mingw64\bin;C:\Program Files\Git\cmd;C:\Users\toby\AppData\Roaming\nvm;C:\Program Files\nodejs;C:\Program Files\Docker\Docker\resources\bin;C:\Program Files\NVIDIA Corporation\NVIDIA app\NvDLISR;C:\Program Files\QuadooScript;C:\Gradle\gradle-8.13\bin;C:\Program Files\Java\jdk-17.0.14+7\bin;C:\Users\toby\apache-maven-3.9.10-bin\apache-maven-3.9.10\bin;C:\Users\toby\AppData\Local\Microsoft\WindowsApps;C:\Users\toby\AppData\Local\Programs\Microsoft VS Code\bin;C:\Users\toby\AppData\Local\GitHubDesktop\bin;C:\Users\toby\AppData\Local\Microsoft\WindowsApps;C:\Users\toby\.dotnet\tools;C:\Users\toby\AppData\Roaming\npm;C:\ninja-win;C:\Users\toby\AppData\Roaming\nvm;C:\Program Files\nodejs;C:\ghcup\bin;C:\Users\toby\AppData\Local\Packages\PythonSoftwareFoundation.Python.3.12_qbz5n2kfra8p0\LocalCache\local-packages\Python312\site-packages;C:\Users\toby\AppData\Local\Packages\PythonSoftwareFoundation.Python.3.12_qbz5n2kfra8p0\LocalCache\local-packages\Python312\Scripts;C:\Users\toby\maven-mvnd-1.0.2-windows-amd64\maven-mvnd-1.0.2-windows-amd64;;c:\Users\toby\AppData\Roaming\Code\User\globalStorage\github.copilot-chat\debugCommand;."/>
    <property name="java.vm.info" value="mixed mode, emulated-client"/>
    <property name="java.vendor" value="Eclipse Adoptium"/>
    <property name="java.vm.version" value="17.0.14+7"/>
    <property name="java.specification.maintenance.version" value="1"/>
    <property name="sun.io.unicode.encoding" value="UnicodeLittle"/>
    <property name="java.class.version" value="61.0"/>
  </properties>
  <testcase name="mathProcessor_complexCalculations" classname="math.BasicTest" time="0.013">
    <system-out><![CDATA[Starting complex test 1
Applying operation 1 of 3 to number 5.000000
Applying operation 2 of 3 to number 10.000000
Applying operation 3 of 3 to number 0.000000
Starting complex test 2
Applying operation 1 of 3 to number 100.000000
Applying operation 2 of 3 to number 20.000000
Applying operation 3 of 3 to number -80.000000
]]></system-out>
  </testcase>
</testsuite>